2019-03-03 21:40:50,105 - log\train.log - INFO - model_type     :	idcnn
2019-03-03 21:40:50,106 - log\train.log - INFO - num_chars      :	2677
2019-03-03 21:40:50,106 - log\train.log - INFO - char_dim       :	100
2019-03-03 21:40:50,106 - log\train.log - INFO - num_tags       :	51
2019-03-03 21:40:50,106 - log\train.log - INFO - seg_dim        :	20
2019-03-03 21:40:50,106 - log\train.log - INFO - lstm_dim       :	100
2019-03-03 21:40:50,106 - log\train.log - INFO - batch_size     :	60.0
2019-03-03 21:40:50,107 - log\train.log - INFO - emb_file       :	C:\Users\Administrator\Desktop\NER\NERuselocal\data\vec.txt
2019-03-03 21:40:50,107 - log\train.log - INFO - clip           :	5.0
2019-03-03 21:40:50,107 - log\train.log - INFO - dropout_keep   :	0.5
2019-03-03 21:40:50,107 - log\train.log - INFO - optimizer      :	adam
2019-03-03 21:40:50,107 - log\train.log - INFO - lr             :	0.001
2019-03-03 21:40:50,107 - log\train.log - INFO - tag_schema     :	iobes
2019-03-03 21:40:50,108 - log\train.log - INFO - pre_emb        :	True
2019-03-03 21:40:50,108 - log\train.log - INFO - zeros          :	True
2019-03-03 21:40:50,108 - log\train.log - INFO - lower          :	False
2019-03-03 21:40:51,879 - log\train.log - INFO - Created model with fresh parameters.
2019-03-03 21:40:52,491 - log\train.log - INFO - Load pre-trained embedding.
2019-03-03 21:40:52,491 - log\train.log - INFO - start training
2019-03-03 21:41:35,525 - log\train.log - INFO - iteration:1 step:100/1687, NER loss:70.621780
2019-03-03 21:42:13,724 - log\train.log - INFO - iteration:1 step:200/1687, NER loss:42.636925
2019-03-03 21:42:46,048 - log\train.log - INFO - iteration:1 step:300/1687, NER loss:32.007652
